<?xml version="1.0" encoding="UTF-8"?>
<!-- Generated by org.testng.reporters.JUnitReportReporter -->
<testsuite name="com.mop.qa.test.regression.Test_TTA_S08_Schedule_Job_Schedule_AnotherUser_Step2_iPad2" tests="1" time="48.026" ignored="0" failures="0" timestamp="29 Aug 2019 08:34:35 GMT" skipped="0" hostname="PC396738" errors="0">
  <testcase name="Test_TTA_CreateNewJob_TestCase" time="48.026" classname="com.mop.qa.test.regression.Test_TTA_S08_Schedule_Job_Schedule_AnotherUser_Step2_iPad2"/>
</testsuite> <!-- com.mop.qa.test.regression.Test_TTA_S08_Schedule_Job_Schedule_AnotherUser_Step2_iPad2 -->
