<?xml version="1.0" encoding="UTF-8"?>
<!-- Generated by org.testng.reporters.JUnitReportReporter -->
<testsuite name="com.mop.qa.test.regression.AFL_Subscription_Login" tests="1" time="76.627" ignored="0" failures="0" timestamp="23 May 2019 05:52:55 GMT" skipped="0" hostname="LT104209" errors="0">
  <testcase name="AFL_Subscription_Login_TestCase" time="76.627" classname="com.mop.qa.test.regression.AFL_Subscription_Login"/>
</testsuite> <!-- com.mop.qa.test.regression.AFL_Subscription_Login -->
