<?xml version="1.0" encoding="UTF-8"?>
<!-- Generated by org.testng.reporters.JUnitReportReporter -->
<testsuite name="com.mop.qa.test.regression.Test_TTA_S06_AcceptJob_Step3_iPhone" tests="1" time="187.425" ignored="0" failures="0" timestamp="30 Sep 2019 09:55:32 GMT" skipped="0" hostname="PC396738" errors="0">
  <testcase name="Test_TTA_CreateNewJob_TestCase" time="187.425" classname="com.mop.qa.test.regression.Test_TTA_S06_AcceptJob_Step3_iPhone"/>
</testsuite> <!-- com.mop.qa.test.regression.Test_TTA_S06_AcceptJob_Step3_iPhone -->
