<?xml version="1.0" encoding="UTF-8"?>
<!-- Generated by org.testng.reporters.JUnitReportReporter -->
<testsuite name="com.mop.qa.test.regression.Test_TTA_S08_Admin_reschedule_job_Planner_Step1_iPhone" tests="1" time="395.868" ignored="0" failures="0" timestamp="03 Sep 2019 05:19:58 GMT" skipped="0" hostname="PC396738" errors="0">
  <testcase name="Test_TTA_S06_Admin_new_job_new_customer_Step1_iPhone" time="395.868" classname="com.mop.qa.test.regression.Test_TTA_S08_Admin_reschedule_job_Planner_Step1_iPhone"/>
</testsuite> <!-- com.mop.qa.test.regression.Test_TTA_S08_Admin_reschedule_job_Planner_Step1_iPhone -->
