<?xml version="1.0" encoding="UTF-8"?>
<!-- Generated by org.testng.reporters.JUnitReportReporter -->
<testsuite name="com.mop.qa.test.regression.Test_TTA_S11_Accept_Start_Restart_Complete_job_iPhone_1" tests="1" time="755.216" ignored="0" failures="0" timestamp="16 Oct 2019 11:46:28 GMT" skipped="0" hostname="PC396738" errors="0">
  <testcase name="Test_S07_Schedule_Accept_Start_job_iPhone_1" time="755.216" classname="com.mop.qa.test.regression.Test_TTA_S11_Accept_Start_Restart_Complete_job_iPhone_1"/>
</testsuite> <!-- com.mop.qa.test.regression.Test_TTA_S11_Accept_Start_Restart_Complete_job_iPhone_1 -->
