<?xml version="1.0" encoding="UTF-8"?>
<!-- Generated by org.testng.reporters.JUnitReportReporter -->
<testsuite name="com.mop.qa.test.regression.Test_TTA_S10_Worker_execute_complete_update_iphone_1" tests="1" time="705.722" ignored="0" failures="0" timestamp="24 Oct 2019 13:24:39 GMT" skipped="0" hostname="PC396738" errors="0">
  <testcase name="Test_TTA_S10_Worker_execute_complete_update_iphone_TestCase" time="705.722" classname="com.mop.qa.test.regression.Test_TTA_S10_Worker_execute_complete_update_iphone_1"/>
</testsuite> <!-- com.mop.qa.test.regression.Test_TTA_S10_Worker_execute_complete_update_iphone_1 -->
