<?xml version="1.0" encoding="UTF-8"?>
<!-- Generated by org.testng.reporters.JUnitReportReporter -->
<testsuite name="com.mop.qa.test.regression.AFL_Live_Match" tests="1" time="76.530" ignored="0" failures="0" timestamp="28 May 2019 08:58:16 GMT" skipped="0" hostname="LT104209" errors="0">
  <testcase name="AFL_Live_Match_TestCase" time="76.530" classname="com.mop.qa.test.regression.AFL_Live_Match"/>
</testsuite> <!-- com.mop.qa.test.regression.AFL_Live_Match -->
