<?xml version="1.0" encoding="UTF-8"?>
<!-- Generated by org.testng.reporters.JUnitReportReporter -->
<testsuite name="com.mop.qa.test.regression.Test_TelstraForBusiness" tests="1" time="37.763" ignored="0" failures="0" timestamp="03 Jul 2019 05:03:15 GMT" skipped="0" hostname="PC449812" errors="0">
  <testcase name="TFB_App" time="37.763" classname="com.mop.qa.test.regression.Test_TelstraForBusiness"/>
</testsuite> <!-- com.mop.qa.test.regression.Test_TelstraForBusiness -->
