<?xml version="1.0" encoding="UTF-8"?>
<!-- Generated by org.testng.reporters.JUnitReportReporter -->
<testsuite name="com.mop.qa.test.regression.Test_TTA_S08_Admin_Job_Schedule_anotherUser_Step2_iPad2" tests="1" time="112.642" ignored="0" failures="0" timestamp="03 Sep 2019 05:19:59 GMT" skipped="0" hostname="PC396738" errors="0">
  <testcase name="Test_TTA_CreateNewJob_TestCase" time="112.642" classname="com.mop.qa.test.regression.Test_TTA_S08_Admin_Job_Schedule_anotherUser_Step2_iPad2"/>
</testsuite> <!-- com.mop.qa.test.regression.Test_TTA_S08_Admin_Job_Schedule_anotherUser_Step2_iPad2 -->
