<?xml version="1.0" encoding="UTF-8"?>
<!-- Generated by org.testng.reporters.JUnitReportReporter -->
<testsuite name="com.mop.qa.test.regression.AFL_VerifyWidgets" tests="1" time="307.414" ignored="0" failures="0" timestamp="22 May 2019 16:04:38 GMT" skipped="0" hostname="LT104209" errors="0">
  <testcase name="AFL_VerifyWidgets_TestCase" time="307.414" classname="com.mop.qa.test.regression.AFL_VerifyWidgets"/>
</testsuite> <!-- com.mop.qa.test.regression.AFL_VerifyWidgets -->
