<?xml version="1.0" encoding="UTF-8"?>
<!-- Generated by org.testng.reporters.JUnitReportReporter -->
<testsuite name="com.mop.qa.test.regression.AFL_NewsArticle" tests="1" time="344.994" ignored="0" failures="0" timestamp="23 May 2019 05:52:55 GMT" skipped="0" hostname="LT104209" errors="0">
  <testcase name="AFL_NewsArticle_TestCase" time="344.994" classname="com.mop.qa.test.regression.AFL_NewsArticle"/>
</testsuite> <!-- com.mop.qa.test.regression.AFL_NewsArticle -->
