<?xml version="1.0" encoding="UTF-8"?>
<!-- Generated by org.testng.reporters.JUnitReportReporter -->
<testsuite name="com.mop.qa.test.regression.Test_TTA_CreateNewJobiPad" tests="1" time="119.582" ignored="0" failures="0" timestamp="05 Sep 2019 05:53:46 GMT" skipped="0" hostname="PC396738" errors="0">
  <testcase name="Test_TTA_CreateNewJob_TestCase" time="119.582" classname="com.mop.qa.test.regression.Test_TTA_CreateNewJobiPad"/>
</testsuite> <!-- com.mop.qa.test.regression.Test_TTA_CreateNewJobiPad -->
